<?xml version="1.0" encoding="UTF-8"?>
<!-- Generated by org.testng.reporters.JUnitReportReporter -->
<testsuite hostname="DESKTOP-C42QD54" failures="0" tests="2" name="com.noorteck.qa.runners.SmokeTestRunner" time="50.757" errors="0" timestamp="2020-08-22T11:54:19 EDT" skipped="0">
  <testcase classname="com.noorteck.qa.runners.SmokeTestRunner" name="runScenario" time="27.955"/>
  <system-out/>
  <testcase classname="com.noorteck.qa.runners.SmokeTestRunner" name="runScenario" time="22.802"/>
  <system-out/>
</testsuite> <!-- com.noorteck.qa.runners.SmokeTestRunner -->
